Determining if the pthread_create exist failed with the following output:
Change Dir: /home/yub/window_system/projects/tpl-test-gtest3/tc/gtest/googletest/googletest/mybuild/CMakeFiles/CMakeTmp

Run Build Command:/usr/bin/make "cmTryCompileExec3168053401/fast"
/usr/bin/make -f CMakeFiles/cmTryCompileExec3168053401.dir/build.make CMakeFiles/cmTryCompileExec3168053401.dir/build
make[1]: Entering directory `/home/yub/window_system/projects/tpl-test-gtest3/tc/gtest/googletest/googletest/mybuild/CMakeFiles/CMakeTmp'
/usr/bin/cmake -E cmake_progress_report /home/yub/window_system/projects/tpl-test-gtest3/tc/gtest/googletest/googletest/mybuild/CMakeFiles/CMakeTmp/CMakeFiles 1
Building C object CMakeFiles/cmTryCompileExec3168053401.dir/CheckSymbolExists.c.o
/usr/bin/cc    -o CMakeFiles/cmTryCompileExec3168053401.dir/CheckSymbolExists.c.o   -c /home/yub/window_system/projects/tpl-test-gtest3/tc/gtest/googletest/googletest/mybuild/CMakeFiles/CMakeTmp/CheckSymbolExists.c
Linking C executable cmTryCompileExec3168053401
/usr/bin/cmake -E cmake_link_script CMakeFiles/cmTryCompileExec3168053401.dir/link.txt --verbose=1
/usr/bin/cc       CMakeFiles/cmTryCompileExec3168053401.dir/CheckSymbolExists.c.o  -o cmTryCompileExec3168053401 -rdynamic 
CMakeFiles/cmTryCompileExec3168053401.dir/CheckSymbolExists.c.o: In function `main':
CheckSymbolExists.c:(.text+0x16): undefined reference to `pthread_create'
collect2: error: ld returned 1 exit status
make[1]: Leaving directory `/home/yub/window_system/projects/tpl-test-gtest3/tc/gtest/googletest/googletest/mybuild/CMakeFiles/CMakeTmp'
make[1]: *** [cmTryCompileExec3168053401] Error 1
make: *** [cmTryCompileExec3168053401/fast] Error 2

File /home/yub/window_system/projects/tpl-test-gtest3/tc/gtest/googletest/googletest/mybuild/CMakeFiles/CMakeTmp/CheckSymbolExists.c:
/* */
#include <pthread.h>

int main(int argc, char** argv)
{
  (void)argv;
#ifndef pthread_create
  return ((int*)(&pthread_create))[argc];
#else
  (void)argc;
  return 0;
#endif
}

Determining if the function pthread_create exists in the pthreads failed with the following output:
Change Dir: /home/yub/window_system/projects/tpl-test-gtest3/tc/gtest/googletest/googletest/mybuild/CMakeFiles/CMakeTmp

Run Build Command:/usr/bin/make "cmTryCompileExec862792603/fast"
/usr/bin/make -f CMakeFiles/cmTryCompileExec862792603.dir/build.make CMakeFiles/cmTryCompileExec862792603.dir/build
make[1]: Entering directory `/home/yub/window_system/projects/tpl-test-gtest3/tc/gtest/googletest/googletest/mybuild/CMakeFiles/CMakeTmp'
/usr/bin/cmake -E cmake_progress_report /home/yub/window_system/projects/tpl-test-gtest3/tc/gtest/googletest/googletest/mybuild/CMakeFiles/CMakeTmp/CMakeFiles 1
Building C object CMakeFiles/cmTryCompileExec862792603.dir/CheckFunctionExists.c.o
/usr/bin/cc   -DCHECK_FUNCTION_EXISTS=pthread_create   -o CMakeFiles/cmTryCompileExec862792603.dir/CheckFunctionExists.c.o   -c /usr/share/cmake-2.8/Modules/CheckFunctionExists.c
Linking C executable cmTryCompileExec862792603
/usr/bin/cmake -E cmake_link_script CMakeFiles/cmTryCompileExec862792603.dir/link.txt --verbose=1
/usr/bin/cc   -DCHECK_FUNCTION_EXISTS=pthread_create    CMakeFiles/cmTryCompileExec862792603.dir/CheckFunctionExists.c.o  -o cmTryCompileExec862792603 -rdynamic -lpthreads 
/usr/bin/ld: cannot find -lpthreads
collect2: error: ld returned 1 exit status
make[1]: Leaving directory `/home/yub/window_system/projects/tpl-test-gtest3/tc/gtest/googletest/googletest/mybuild/CMakeFiles/CMakeTmp'
make[1]: *** [cmTryCompileExec862792603] Error 1
make: *** [cmTryCompileExec862792603/fast] Error 2


